<?xml version="1.0" encoding="UTF-8"?>
<!-- Generated by org.testng.reporters.JUnitXMLReporter -->
<testsuite hostname="DESKTOP-ELFRPEH" ignored="0" name="GAC Company Portal Test Cases" tests="21" failures="0" timestamp="2021-01-20T10:21:33 IST" time="317.9" errors="0">
  <testcase name="@BeforeMethod setup" time="13.699" classname="com.gac.qa.testcases.EditProfileSettingPageTest">
    <failure type="org.openqa.selenium.ElementClickInterceptedException" message="element click intercepted: Element &amp;lt;button type=&amp;quot;button&amp;quot; class=&amp;quot;btn btn-rounded btn-outline-primary block&amp;quot;&amp;gt;...&amp;lt;/button&amp;gt; is not clickable at point (1089, 537). Other element would receive the click: &amp;lt;div _ngcontent-jln-c41=&amp;quot;&amp;quot; class=&amp;quot;overlay ng-tns-c41-0 ng-trigger ng-trigger-fadeIn ng-star-inserted&amp;quot; style=&amp;quot;background-color: rgba(255, 255, 255, 0.8); z-index: 99999; position: absolute; opacity: 1;&amp;quot;&amp;gt;...&amp;lt;/div&amp;gt;
  (Session info: chrome=87.0.4280.141)
Build info: version: &amp;apos;3.141.59&amp;apos;, revision: &amp;apos;e82be7d358&amp;apos;, time: &amp;apos;2018-11-14T08:17:03&amp;apos;
System info: host: &amp;apos;DESKTOP-ELFRPEH&amp;apos;, ip: &amp;apos;172.31.248.67&amp;apos;, os.name: &amp;apos;Windows 10&amp;apos;, os.arch: &amp;apos;amd64&amp;apos;, os.version: &amp;apos;10.0&amp;apos;, java.version: &amp;apos;1.8.0_271&amp;apos;
Driver info: org.openqa.selenium.chrome.ChromeDriver
Capabilities {acceptInsecureCerts: false, browserName: chrome, browserVersion: 87.0.4280.141, chrome: {chromedriverVersion: 87.0.4280.88 (89e2380a3e36c..., userDataDir: C:\Users\PERENN~1\AppData\L...}, goog:chromeOptions: {debuggerAddress: localhost:64689}, javascriptEnabled: true, networkConnectionEnabled: false, pageLoadStrategy: normal, platform: WINDOWS, platformName: WINDOWS, proxy: Proxy(), setWindowRect: true, strictFileInteractability: false, timeouts: {implicit: 0, pageLoad: 300000, script: 30000}, unhandledPromptBehavior: dismiss and notify, webauthn:virtualAuthenticators: true}
Session ID: faa80d43baf7a78eadf5f3ad52bd8976">
      <![CDATA[org.openqa.selenium.ElementClickInterceptedException: element click intercepted: Element <button type="button" class="btn btn-rounded btn-outline-primary block">...</button> is not clickable at point (1089, 537). Other element would receive the click: <div _ngcontent-jln-c41="" class="overlay ng-tns-c41-0 ng-trigger ng-trigger-fadeIn ng-star-inserted" style="background-color: rgba(255, 255, 255, 0.8); z-index: 99999; position: absolute; opacity: 1;">...</div>
  (Session info: chrome=87.0.4280.141)
Build info: version: '3.141.59', revision: 'e82be7d358', time: '2018-11-14T08:17:03'
System info: host: 'DESKTOP-ELFRPEH', ip: '172.31.248.67', os.name: 'Windows 10', os.arch: 'amd64', os.version: '10.0', java.version: '1.8.0_271'
Driver info: org.openqa.selenium.chrome.ChromeDriver
Capabilities {acceptInsecureCerts: false, browserName: chrome, browserVersion: 87.0.4280.141, chrome: {chromedriverVersion: 87.0.4280.88 (89e2380a3e36c..., userDataDir: C:\Users\PERENN~1\AppData\L...}, goog:chromeOptions: {debuggerAddress: localhost:64689}, javascriptEnabled: true, networkConnectionEnabled: false, pageLoadStrategy: normal, platform: WINDOWS, platformName: WINDOWS, proxy: Proxy(), setWindowRect: true, strictFileInteractability: false, timeouts: {implicit: 0, pageLoad: 300000, script: 30000}, unhandledPromptBehavior: dismiss and notify, webauthn:virtualAuthenticators: true}
Session ID: faa80d43baf7a78eadf5f3ad52bd8976
at org.openqa.selenium.remote.http.W3CHttpResponseCodec.createException(W3CHttpResponseCodec.java:187)
at org.openqa.selenium.remote.http.W3CHttpResponseCodec.decode(W3CHttpResponseCodec.java:122)
at org.openqa.selenium.remote.http.W3CHttpResponseCodec.decode(W3CHttpResponseCodec.java:49)
at org.openqa.selenium.remote.HttpCommandExecutor.execute(HttpCommandExecutor.java:158)
at org.openqa.selenium.remote.service.DriverCommandExecutor.execute(DriverCommandExecutor.java:83)
at org.openqa.selenium.remote.RemoteWebDriver.execute(RemoteWebDriver.java:552)
at org.openqa.selenium.remote.RemoteWebElement.execute(RemoteWebElement.java:285)
at org.openqa.selenium.remote.RemoteWebElement.click(RemoteWebElement.java:84)
at org.openqa.selenium.support.pagefactory.internal.LocatingElementHandler.invoke(LocatingElementHandler.java:51)
at com.sun.proxy.$Proxy10.click(Unknown Source)
at com.gac.qa.pages.ProfileSettingPage.clickOnEditBtn(ProfileSettingPage.java:34)
at com.gac.qa.testcases.EditProfileSettingPageTest.setup(EditProfileSettingPageTest.java:32)
at java.util.ArrayList.forEach(Unknown Source)
... Removed 38 stack frames]]>
    </failure>
  </testcase> <!-- @BeforeMethod setup -->
  <testcase name="@AfterMethod tearDown" time="-1.61111817036E9" classname="com.gac.qa.testcases.EditProfileSettingPageTest">
    <skipped/>
  </testcase> <!-- @AfterMethod tearDown -->
  <testcase name="@BeforeMethod setup" time="-1.611118171559E9" classname="com.gac.qa.testcases.EditProfileSettingPageTest">
    <skipped/>
  </testcase> <!-- @BeforeMethod setup -->
  <testcase name="@AfterMethod tearDown" time="-1.611118171582E9" classname="com.gac.qa.testcases.EditProfileSettingPageTest">
    <skipped/>
  </testcase> <!-- @AfterMethod tearDown -->
  <testcase name="@BeforeMethod setup" time="-1.611118171587E9" classname="com.gac.qa.testcases.EditProfileSettingPageTest">
    <skipped/>
  </testcase> <!-- @BeforeMethod setup -->
  <testcase name="@AfterMethod tearDown" time="-1.611118171599E9" classname="com.gac.qa.testcases.EditProfileSettingPageTest">
    <skipped/>
  </testcase> <!-- @AfterMethod tearDown -->
  <testcase name="@BeforeMethod setup" time="16.674" classname="com.gac.qa.testcases.ChangePasswordPageTest">
    <failure type="org.openqa.selenium.ElementClickInterceptedException" message="element click intercepted: Element &amp;lt;button type=&amp;quot;submit&amp;quot; class=&amp;quot;btn btn-rounded btn-primary block&amp;quot; tabindex=&amp;quot;0&amp;quot;&amp;gt;...&amp;lt;/button&amp;gt; is not clickable at point (803, 537). Other element would receive the click: &amp;lt;div _ngcontent-fle-c41=&amp;quot;&amp;quot; class=&amp;quot;overlay ng-tns-c41-0 ng-trigger ng-trigger-fadeIn ng-star-inserted&amp;quot; style=&amp;quot;background-color: rgba(255, 255, 255, 0.8); z-index: 99999; position: absolute; opacity: 1;&amp;quot;&amp;gt;...&amp;lt;/div&amp;gt;
  (Session info: chrome=87.0.4280.141)
Build info: version: &amp;apos;3.141.59&amp;apos;, revision: &amp;apos;e82be7d358&amp;apos;, time: &amp;apos;2018-11-14T08:17:03&amp;apos;
System info: host: &amp;apos;DESKTOP-ELFRPEH&amp;apos;, ip: &amp;apos;172.31.248.67&amp;apos;, os.name: &amp;apos;Windows 10&amp;apos;, os.arch: &amp;apos;amd64&amp;apos;, os.version: &amp;apos;10.0&amp;apos;, java.version: &amp;apos;1.8.0_271&amp;apos;
Driver info: org.openqa.selenium.chrome.ChromeDriver
Capabilities {acceptInsecureCerts: false, browserName: chrome, browserVersion: 87.0.4280.141, chrome: {chromedriverVersion: 87.0.4280.88 (89e2380a3e36c..., userDataDir: C:\Users\PERENN~1\AppData\L...}, goog:chromeOptions: {debuggerAddress: localhost:64766}, javascriptEnabled: true, networkConnectionEnabled: false, pageLoadStrategy: normal, platform: WINDOWS, platformName: WINDOWS, proxy: Proxy(), setWindowRect: true, strictFileInteractability: false, timeouts: {implicit: 0, pageLoad: 300000, script: 30000}, unhandledPromptBehavior: dismiss and notify, webauthn:virtualAuthenticators: true}
Session ID: c814315810d88431779dc5528a13e769">
      <![CDATA[org.openqa.selenium.ElementClickInterceptedException: element click intercepted: Element <button type="submit" class="btn btn-rounded btn-primary block" tabindex="0">...</button> is not clickable at point (803, 537). Other element would receive the click: <div _ngcontent-fle-c41="" class="overlay ng-tns-c41-0 ng-trigger ng-trigger-fadeIn ng-star-inserted" style="background-color: rgba(255, 255, 255, 0.8); z-index: 99999; position: absolute; opacity: 1;">...</div>
  (Session info: chrome=87.0.4280.141)
Build info: version: '3.141.59', revision: 'e82be7d358', time: '2018-11-14T08:17:03'
System info: host: 'DESKTOP-ELFRPEH', ip: '172.31.248.67', os.name: 'Windows 10', os.arch: 'amd64', os.version: '10.0', java.version: '1.8.0_271'
Driver info: org.openqa.selenium.chrome.ChromeDriver
Capabilities {acceptInsecureCerts: false, browserName: chrome, browserVersion: 87.0.4280.141, chrome: {chromedriverVersion: 87.0.4280.88 (89e2380a3e36c..., userDataDir: C:\Users\PERENN~1\AppData\L...}, goog:chromeOptions: {debuggerAddress: localhost:64766}, javascriptEnabled: true, networkConnectionEnabled: false, pageLoadStrategy: normal, platform: WINDOWS, platformName: WINDOWS, proxy: Proxy(), setWindowRect: true, strictFileInteractability: false, timeouts: {implicit: 0, pageLoad: 300000, script: 30000}, unhandledPromptBehavior: dismiss and notify, webauthn:virtualAuthenticators: true}
Session ID: c814315810d88431779dc5528a13e769
at org.openqa.selenium.remote.http.W3CHttpResponseCodec.createException(W3CHttpResponseCodec.java:187)
at org.openqa.selenium.remote.http.W3CHttpResponseCodec.decode(W3CHttpResponseCodec.java:122)
at org.openqa.selenium.remote.http.W3CHttpResponseCodec.decode(W3CHttpResponseCodec.java:49)
at org.openqa.selenium.remote.HttpCommandExecutor.execute(HttpCommandExecutor.java:158)
at org.openqa.selenium.remote.service.DriverCommandExecutor.execute(DriverCommandExecutor.java:83)
at org.openqa.selenium.remote.RemoteWebDriver.execute(RemoteWebDriver.java:552)
at org.openqa.selenium.remote.RemoteWebElement.execute(RemoteWebElement.java:285)
at org.openqa.selenium.remote.RemoteWebElement.click(RemoteWebElement.java:84)
at org.openqa.selenium.support.pagefactory.internal.LocatingElementHandler.invoke(LocatingElementHandler.java:51)
at com.sun.proxy.$Proxy10.click(Unknown Source)
at com.gac.qa.pages.ProfileSettingPage.clickOnChangePasswordBtn(ProfileSettingPage.java:29)
at com.gac.qa.testcases.ChangePasswordPageTest.setup(ChangePasswordPageTest.java:32)
at java.util.ArrayList.forEach(Unknown Source)
... Removed 38 stack frames]]>
    </failure>
  </testcase> <!-- @BeforeMethod setup -->
  <testcase name="@AfterMethod tearDown" time="-1.611118224E9" classname="com.gac.qa.testcases.ChangePasswordPageTest">
    <skipped/>
  </testcase> <!-- @AfterMethod tearDown -->
  <testcase name="verifyDashboardPageTitleTest" time="0.021" classname="com.gac.qa.testcases.DashboardPageTest"/>
  <testcase name="verifyUserNameTest" time="5.291" classname="com.gac.qa.testcases.DashboardPageTest"/>
  <testcase name="verifyProfileSettingLinkTest" time="1.106" classname="com.gac.qa.testcases.DashboardPageTest"/>
  <testcase name="verifyCompanySettingsLinkTest" time="1.246" classname="com.gac.qa.testcases.DashboardPageTest"/>
  <testcase name="verifyLogoutTest" time="2.354" classname="com.gac.qa.testcases.DashboardPageTest"/>
  <testcase name="loginPageTitleTest" time="0.007" classname="com.gac.qa.testcases.LoginPageTest"/>
  <testcase name="validateLogo2c2pTest" time="0.055" classname="com.gac.qa.testcases.LoginPageTest"/>
  <testcase name="loginTest" time="0.744" classname="com.gac.qa.testcases.LoginPageTest"/>
  <testcase name="verifyProfileSettingLabelTest" time="0.049" classname="com.gac.qa.testcases.ProfileSettingPageTest"/>
  <testcase name="clickOnChangePasswordBtnTest" time="0.549" classname="com.gac.qa.testcases.ProfileSettingPageTest"/>
  <testcase name="clickOnEditBtnTest" time="1.229" classname="com.gac.qa.testcases.ProfileSettingPageTest"/>
  <testcase name="veifyEditLabelTest" time="0.0" classname="com.gac.qa.testcases.EditProfileSettingPageTest">
    <skipped/>
  </testcase> <!-- veifyEditLabelTest -->
  <testcase name="editProfileSettingTest" time="0.0" classname="com.gac.qa.testcases.EditProfileSettingPageTest">
    <skipped/>
  </testcase> <!-- editProfileSettingTest -->
  <testcase name="editProfileSettingTest" time="0.0" classname="com.gac.qa.testcases.EditProfileSettingPageTest">
    <skipped/>
  </testcase> <!-- editProfileSettingTest -->
  <testcase name="changePasswordTest" time="0.328" classname="com.gac.qa.testcases.ChangePasswordPageTest"/>
  <testcase name="changePasswordTest" time="0.3" classname="com.gac.qa.testcases.ChangePasswordPageTest"/>
  <testcase name="verifyChangePasswordLabelTest" time="0.0" classname="com.gac.qa.testcases.ChangePasswordPageTest">
    <skipped/>
  </testcase> <!-- verifyChangePasswordLabelTest -->
  <testcase name="verifyCompanySettingsLabelTest" time="0.043" classname="com.gac.qa.testcases.CompanySettingsPageTest"/>
  <testcase name="verifyCompanySettingsLabelTest" time="0.382" classname="com.gac.qa.testcases.EditCompanySettingsPageTest"/>
  <testcase name="enterCompanySettingsTest" time="2.598" classname="com.gac.qa.testcases.EditCompanySettingsPageTest"/>
  <testcase name="enterCompanySettingsTest" time="1.887" classname="com.gac.qa.testcases.EditCompanySettingsPageTest"/>
</testsuite> <!-- GAC Company Portal Test Cases -->
