<?xml version="1.0" encoding="UTF-8"?>
<testng-results skipped="4" failed="0" ignored="0" total="21" passed="17">
  <reporter-output>
  </reporter-output>
  <suite name="GAC Company Portal Test Automation Suite" duration-ms="317900" started-at="2021-01-20T10:16:15 IST" finished-at="2021-01-20T10:21:33 IST">
    <groups>
    </groups>
    <test name="GAC Company Portal Test Cases" duration-ms="317900" started-at="2021-01-20T10:16:15 IST" finished-at="2021-01-20T10:21:33 IST">
      <class name="com.gac.qa.testcases.CompanySettingsPageTest">
        <test-method status="PASS" signature="setup()[pri:0, instance:com.gac.qa.testcases.CompanySettingsPageTest@4b553d26]" name="setup" is-config="true" duration-ms="11657" started-at="2021-01-20T10:20:24 IST" finished-at="2021-01-20T10:20:35 IST">
          <reporter-output>
          </reporter-output>
        </test-method> <!-- setup -->
        <test-method status="PASS" signature="verifyCompanySettingsLabelTest()[pri:0, instance:com.gac.qa.testcases.CompanySettingsPageTest@4b553d26]" name="verifyCompanySettingsLabelTest" duration-ms="43" started-at="2021-01-20T10:20:35 IST" finished-at="2021-01-20T10:20:35 IST">
          <reporter-output>
          </reporter-output>
        </test-method> <!-- verifyCompanySettingsLabelTest -->
        <test-method status="PASS" signature="tearDown()[pri:0, instance:com.gac.qa.testcases.CompanySettingsPageTest@4b553d26]" name="tearDown" is-config="true" duration-ms="1607" started-at="2021-01-20T10:20:35 IST" finished-at="2021-01-20T10:20:37 IST">
          <reporter-output>
          </reporter-output>
        </test-method> <!-- tearDown -->
      </class> <!-- com.gac.qa.testcases.CompanySettingsPageTest -->
      <class name="com.gac.qa.testcases.DashboardPageTest">
        <test-method status="PASS" signature="setup()[pri:0, instance:com.gac.qa.testcases.DashboardPageTest@3043fe0e]" name="setup" is-config="true" duration-ms="16942" started-at="2021-01-20T10:16:15 IST" finished-at="2021-01-20T10:16:32 IST">
          <reporter-output>
          </reporter-output>
        </test-method> <!-- setup -->
        <test-method status="PASS" signature="verifyDashboardPageTitleTest()[pri:1, instance:com.gac.qa.testcases.DashboardPageTest@3043fe0e]" name="verifyDashboardPageTitleTest" duration-ms="21" started-at="2021-01-20T10:16:32 IST" finished-at="2021-01-20T10:16:32 IST">
          <reporter-output>
          </reporter-output>
        </test-method> <!-- verifyDashboardPageTitleTest -->
        <test-method status="PASS" signature="tearDown()[pri:0, instance:com.gac.qa.testcases.DashboardPageTest@3043fe0e]" name="tearDown" is-config="true" duration-ms="730" started-at="2021-01-20T10:16:32 IST" finished-at="2021-01-20T10:16:33 IST">
          <reporter-output>
          </reporter-output>
        </test-method> <!-- tearDown -->
        <test-method status="PASS" signature="setup()[pri:0, instance:com.gac.qa.testcases.DashboardPageTest@3043fe0e]" name="setup" is-config="true" duration-ms="11470" started-at="2021-01-20T10:16:33 IST" finished-at="2021-01-20T10:16:44 IST">
          <reporter-output>
          </reporter-output>
        </test-method> <!-- setup -->
        <test-method status="PASS" signature="verifyUserNameTest()[pri:2, instance:com.gac.qa.testcases.DashboardPageTest@3043fe0e]" name="verifyUserNameTest" duration-ms="5291" started-at="2021-01-20T10:16:44 IST" finished-at="2021-01-20T10:16:50 IST">
          <reporter-output>
          </reporter-output>
        </test-method> <!-- verifyUserNameTest -->
        <test-method status="PASS" signature="tearDown()[pri:0, instance:com.gac.qa.testcases.DashboardPageTest@3043fe0e]" name="tearDown" is-config="true" duration-ms="685" started-at="2021-01-20T10:16:50 IST" finished-at="2021-01-20T10:16:50 IST">
          <reporter-output>
          </reporter-output>
        </test-method> <!-- tearDown -->
        <test-method status="PASS" signature="setup()[pri:0, instance:com.gac.qa.testcases.DashboardPageTest@3043fe0e]" name="setup" is-config="true" duration-ms="14988" started-at="2021-01-20T10:16:50 IST" finished-at="2021-01-20T10:17:05 IST">
          <reporter-output>
          </reporter-output>
        </test-method> <!-- setup -->
        <test-method status="PASS" signature="verifyProfileSettingLinkTest()[pri:3, instance:com.gac.qa.testcases.DashboardPageTest@3043fe0e]" name="verifyProfileSettingLinkTest" duration-ms="1106" started-at="2021-01-20T10:17:05 IST" finished-at="2021-01-20T10:17:06 IST">
          <reporter-output>
          </reporter-output>
        </test-method> <!-- verifyProfileSettingLinkTest -->
        <test-method status="PASS" signature="tearDown()[pri:0, instance:com.gac.qa.testcases.DashboardPageTest@3043fe0e]" name="tearDown" is-config="true" duration-ms="960" started-at="2021-01-20T10:17:06 IST" finished-at="2021-01-20T10:17:07 IST">
          <reporter-output>
          </reporter-output>
        </test-method> <!-- tearDown -->
        <test-method status="PASS" signature="setup()[pri:0, instance:com.gac.qa.testcases.DashboardPageTest@3043fe0e]" name="setup" is-config="true" duration-ms="15498" started-at="2021-01-20T10:17:07 IST" finished-at="2021-01-20T10:17:23 IST">
          <reporter-output>
          </reporter-output>
        </test-method> <!-- setup -->
        <test-method status="PASS" signature="verifyCompanySettingsLinkTest()[pri:4, instance:com.gac.qa.testcases.DashboardPageTest@3043fe0e]" name="verifyCompanySettingsLinkTest" duration-ms="1246" started-at="2021-01-20T10:17:23 IST" finished-at="2021-01-20T10:17:24 IST">
          <reporter-output>
          </reporter-output>
        </test-method> <!-- verifyCompanySettingsLinkTest -->
        <test-method status="PASS" signature="tearDown()[pri:0, instance:com.gac.qa.testcases.DashboardPageTest@3043fe0e]" name="tearDown" is-config="true" duration-ms="657" started-at="2021-01-20T10:17:24 IST" finished-at="2021-01-20T10:17:25 IST">
          <reporter-output>
          </reporter-output>
        </test-method> <!-- tearDown -->
        <test-method status="PASS" signature="setup()[pri:0, instance:com.gac.qa.testcases.DashboardPageTest@3043fe0e]" name="setup" is-config="true" duration-ms="10988" started-at="2021-01-20T10:17:25 IST" finished-at="2021-01-20T10:17:36 IST">
          <reporter-output>
          </reporter-output>
        </test-method> <!-- setup -->
        <test-method status="PASS" signature="verifyLogoutTest()[pri:5, instance:com.gac.qa.testcases.DashboardPageTest@3043fe0e]" name="verifyLogoutTest" duration-ms="2354" started-at="2021-01-20T10:17:36 IST" finished-at="2021-01-20T10:17:38 IST">
          <reporter-output>
          </reporter-output>
        </test-method> <!-- verifyLogoutTest -->
        <test-method status="PASS" signature="tearDown()[pri:0, instance:com.gac.qa.testcases.DashboardPageTest@3043fe0e]" name="tearDown" is-config="true" duration-ms="1674" started-at="2021-01-20T10:17:38 IST" finished-at="2021-01-20T10:17:40 IST">
          <reporter-output>
          </reporter-output>
        </test-method> <!-- tearDown -->
      </class> <!-- com.gac.qa.testcases.DashboardPageTest -->
      <class name="com.gac.qa.testcases.ChangePasswordPageTest">
        <test-method status="PASS" signature="setup()[pri:0, instance:com.gac.qa.testcases.ChangePasswordPageTest@80503]" name="setup" is-config="true" duration-ms="16726" started-at="2021-01-20T10:19:31 IST" finished-at="2021-01-20T10:19:48 IST">
          <reporter-output>
          </reporter-output>
        </test-method> <!-- setup -->
        <test-method status="PASS" signature="changePasswordTest(java.lang.String, java.lang.String)[pri:1, instance:com.gac.qa.testcases.ChangePasswordPageTest@80503]" name="changePasswordTest" duration-ms="328" started-at="2021-01-20T10:19:48 IST" data-provider="getChangePasswordData" finished-at="2021-01-20T10:19:48 IST">
          <params>
            <param index="0">
              <value>
                <![CDATA[Test@123]]>
              </value>
            </param>
            <param index="1">
              <value>
                <![CDATA[Test@1234]]>
              </value>
            </param>
          </params>
          <reporter-output>
          </reporter-output>
        </test-method> <!-- changePasswordTest -->
        <test-method status="PASS" signature="tearDown()[pri:0, instance:com.gac.qa.testcases.ChangePasswordPageTest@80503]" name="tearDown" is-config="true" duration-ms="693" started-at="2021-01-20T10:19:48 IST" finished-at="2021-01-20T10:19:49 IST">
          <reporter-output>
          </reporter-output>
        </test-method> <!-- tearDown -->
        <test-method status="PASS" signature="setup()[pri:0, instance:com.gac.qa.testcases.ChangePasswordPageTest@80503]" name="setup" is-config="true" duration-ms="16862" started-at="2021-01-20T10:19:49 IST" finished-at="2021-01-20T10:20:06 IST">
          <reporter-output>
          </reporter-output>
        </test-method> <!-- setup -->
        <test-method status="PASS" signature="changePasswordTest(java.lang.String, java.lang.String)[pri:1, instance:com.gac.qa.testcases.ChangePasswordPageTest@80503]" name="changePasswordTest" duration-ms="300" started-at="2021-01-20T10:20:06 IST" data-provider="getChangePasswordData" finished-at="2021-01-20T10:20:06 IST">
          <params>
            <param index="0">
              <value>
                <![CDATA[Test@1234]]>
              </value>
            </param>
            <param index="1">
              <value>
                <![CDATA[Test@123]]>
              </value>
            </param>
          </params>
          <reporter-output>
          </reporter-output>
        </test-method> <!-- changePasswordTest -->
        <test-method status="PASS" signature="tearDown()[pri:0, instance:com.gac.qa.testcases.ChangePasswordPageTest@80503]" name="tearDown" is-config="true" duration-ms="648" started-at="2021-01-20T10:20:06 IST" finished-at="2021-01-20T10:20:07 IST">
          <reporter-output>
          </reporter-output>
        </test-method> <!-- tearDown -->
        <test-method status="FAIL" signature="setup()[pri:0, instance:com.gac.qa.testcases.ChangePasswordPageTest@80503]" name="setup" is-config="true" duration-ms="16674" started-at="2021-01-20T10:20:07 IST" finished-at="2021-01-20T10:20:23 IST">
          <exception class="org.openqa.selenium.ElementClickInterceptedException">
            <message>
              <![CDATA[element click intercepted: Element <button type="submit" class="btn btn-rounded btn-primary block" tabindex="0">...</button> is not clickable at point (803, 537). Other element would receive the click: <div _ngcontent-fle-c41="" class="overlay ng-tns-c41-0 ng-trigger ng-trigger-fadeIn ng-star-inserted" style="background-color: rgba(255, 255, 255, 0.8); z-index: 99999; position: absolute; opacity: 1;">...</div>
  (Session info: chrome=87.0.4280.141)
Build info: version: '3.141.59', revision: 'e82be7d358', time: '2018-11-14T08:17:03'
System info: host: 'DESKTOP-ELFRPEH', ip: '172.31.248.67', os.name: 'Windows 10', os.arch: 'amd64', os.version: '10.0', java.version: '1.8.0_271'
Driver info: org.openqa.selenium.chrome.ChromeDriver
Capabilities {acceptInsecureCerts: false, browserName: chrome, browserVersion: 87.0.4280.141, chrome: {chromedriverVersion: 87.0.4280.88 (89e2380a3e36c..., userDataDir: C:\Users\PERENN~1\AppData\L...}, goog:chromeOptions: {debuggerAddress: localhost:64766}, javascriptEnabled: true, networkConnectionEnabled: false, pageLoadStrategy: normal, platform: WINDOWS, platformName: WINDOWS, proxy: Proxy(), setWindowRect: true, strictFileInteractability: false, timeouts: {implicit: 0, pageLoad: 300000, script: 30000}, unhandledPromptBehavior: dismiss and notify, webauthn:virtualAuthenticators: true}
Session ID: c814315810d88431779dc5528a13e769]]>
            </message>
            <full-stacktrace>
              <![CDATA[org.openqa.selenium.ElementClickInterceptedException: element click intercepted: Element <button type="submit" class="btn btn-rounded btn-primary block" tabindex="0">...</button> is not clickable at point (803, 537). Other element would receive the click: <div _ngcontent-fle-c41="" class="overlay ng-tns-c41-0 ng-trigger ng-trigger-fadeIn ng-star-inserted" style="background-color: rgba(255, 255, 255, 0.8); z-index: 99999; position: absolute; opacity: 1;">...</div>
  (Session info: chrome=87.0.4280.141)
Build info: version: '3.141.59', revision: 'e82be7d358', time: '2018-11-14T08:17:03'
System info: host: 'DESKTOP-ELFRPEH', ip: '172.31.248.67', os.name: 'Windows 10', os.arch: 'amd64', os.version: '10.0', java.version: '1.8.0_271'
Driver info: org.openqa.selenium.chrome.ChromeDriver
Capabilities {acceptInsecureCerts: false, browserName: chrome, browserVersion: 87.0.4280.141, chrome: {chromedriverVersion: 87.0.4280.88 (89e2380a3e36c..., userDataDir: C:\Users\PERENN~1\AppData\L...}, goog:chromeOptions: {debuggerAddress: localhost:64766}, javascriptEnabled: true, networkConnectionEnabled: false, pageLoadStrategy: normal, platform: WINDOWS, platformName: WINDOWS, proxy: Proxy(), setWindowRect: true, strictFileInteractability: false, timeouts: {implicit: 0, pageLoad: 300000, script: 30000}, unhandledPromptBehavior: dismiss and notify, webauthn:virtualAuthenticators: true}
Session ID: c814315810d88431779dc5528a13e769
at sun.reflect.NativeConstructorAccessorImpl.newInstance0(Native Method)
at sun.reflect.NativeConstructorAccessorImpl.newInstance(Unknown Source)
at sun.reflect.DelegatingConstructorAccessorImpl.newInstance(Unknown Source)
at java.lang.reflect.Constructor.newInstance(Unknown Source)
at org.openqa.selenium.remote.http.W3CHttpResponseCodec.createException(W3CHttpResponseCodec.java:187)
at org.openqa.selenium.remote.http.W3CHttpResponseCodec.decode(W3CHttpResponseCodec.java:122)
at org.openqa.selenium.remote.http.W3CHttpResponseCodec.decode(W3CHttpResponseCodec.java:49)
at org.openqa.selenium.remote.HttpCommandExecutor.execute(HttpCommandExecutor.java:158)
at org.openqa.selenium.remote.service.DriverCommandExecutor.execute(DriverCommandExecutor.java:83)
at org.openqa.selenium.remote.RemoteWebDriver.execute(RemoteWebDriver.java:552)
at org.openqa.selenium.remote.RemoteWebElement.execute(RemoteWebElement.java:285)
at org.openqa.selenium.remote.RemoteWebElement.click(RemoteWebElement.java:84)
at sun.reflect.GeneratedMethodAccessor2.invoke(Unknown Source)
at sun.reflect.DelegatingMethodAccessorImpl.invoke(Unknown Source)
at java.lang.reflect.Method.invoke(Unknown Source)
at org.openqa.selenium.support.pagefactory.internal.LocatingElementHandler.invoke(LocatingElementHandler.java:51)
at com.sun.proxy.$Proxy10.click(Unknown Source)
at com.gac.qa.pages.ProfileSettingPage.clickOnChangePasswordBtn(ProfileSettingPage.java:29)
at com.gac.qa.testcases.ChangePasswordPageTest.setup(ChangePasswordPageTest.java:32)
at sun.reflect.NativeMethodAccessorImpl.invoke0(Native Method)
at sun.reflect.NativeMethodAccessorImpl.invoke(Unknown Source)
at sun.reflect.DelegatingMethodAccessorImpl.invoke(Unknown Source)
at java.lang.reflect.Method.invoke(Unknown Source)
at org.testng.internal.MethodInvocationHelper.invokeMethod(MethodInvocationHelper.java:132)
at org.testng.internal.MethodInvocationHelper.invokeMethodConsideringTimeout(MethodInvocationHelper.java:61)
at org.testng.internal.ConfigInvoker.invokeConfigurationMethod(ConfigInvoker.java:366)
at org.testng.internal.ConfigInvoker.invokeConfigurations(ConfigInvoker.java:320)
at org.testng.internal.TestInvoker.runConfigMethods(TestInvoker.java:701)
at org.testng.internal.TestInvoker.invokeMethod(TestInvoker.java:527)
at org.testng.internal.TestInvoker.invokeTestMethod(TestInvoker.java:174)
at org.testng.internal.MethodRunner.runInSequence(MethodRunner.java:46)
at org.testng.internal.TestInvoker$MethodInvocationAgent.invoke(TestInvoker.java:822)
at org.testng.internal.TestInvoker.invokeTestMethods(TestInvoker.java:147)
at org.testng.internal.TestMethodWorker.invokeTestMethods(TestMethodWorker.java:146)
at org.testng.internal.TestMethodWorker.run(TestMethodWorker.java:128)
at java.util.ArrayList.forEach(Unknown Source)
at org.testng.TestRunner.privateRun(TestRunner.java:764)
at org.testng.TestRunner.run(TestRunner.java:585)
at org.testng.SuiteRunner.runTest(SuiteRunner.java:384)
at org.testng.SuiteRunner.runSequentially(SuiteRunner.java:378)
at org.testng.SuiteRunner.privateRun(SuiteRunner.java:337)
at org.testng.SuiteRunner.run(SuiteRunner.java:286)
at org.testng.SuiteRunnerWorker.runSuite(SuiteRunnerWorker.java:53)
at org.testng.SuiteRunnerWorker.run(SuiteRunnerWorker.java:96)
at org.testng.TestNG.runSuitesSequentially(TestNG.java:1218)
at org.testng.TestNG.runSuitesLocally(TestNG.java:1140)
at org.testng.TestNG.runSuites(TestNG.java:1069)
at org.testng.TestNG.run(TestNG.java:1037)
at org.testng.remote.AbstractRemoteTestNG.run(AbstractRemoteTestNG.java:115)
at org.testng.remote.RemoteTestNG.initAndRun(RemoteTestNG.java:251)
at org.testng.remote.RemoteTestNG.main(RemoteTestNG.java:77)
]]>
            </full-stacktrace>
          </exception> <!-- org.openqa.selenium.ElementClickInterceptedException -->
          <reporter-output>
          </reporter-output>
        </test-method> <!-- setup -->
        <test-method status="SKIP" signature="verifyChangePasswordLabelTest()[pri:2, instance:com.gac.qa.testcases.ChangePasswordPageTest@80503]" name="verifyChangePasswordLabelTest" duration-ms="0" started-at="2021-01-20T10:20:23 IST" finished-at="2021-01-20T10:20:23 IST">
          <exception class="org.openqa.selenium.ElementClickInterceptedException">
            <message>
              <![CDATA[element click intercepted: Element <button type="submit" class="btn btn-rounded btn-primary block" tabindex="0">...</button> is not clickable at point (803, 537). Other element would receive the click: <div _ngcontent-fle-c41="" class="overlay ng-tns-c41-0 ng-trigger ng-trigger-fadeIn ng-star-inserted" style="background-color: rgba(255, 255, 255, 0.8); z-index: 99999; position: absolute; opacity: 1;">...</div>
  (Session info: chrome=87.0.4280.141)
Build info: version: '3.141.59', revision: 'e82be7d358', time: '2018-11-14T08:17:03'
System info: host: 'DESKTOP-ELFRPEH', ip: '172.31.248.67', os.name: 'Windows 10', os.arch: 'amd64', os.version: '10.0', java.version: '1.8.0_271'
Driver info: org.openqa.selenium.chrome.ChromeDriver
Capabilities {acceptInsecureCerts: false, browserName: chrome, browserVersion: 87.0.4280.141, chrome: {chromedriverVersion: 87.0.4280.88 (89e2380a3e36c..., userDataDir: C:\Users\PERENN~1\AppData\L...}, goog:chromeOptions: {debuggerAddress: localhost:64766}, javascriptEnabled: true, networkConnectionEnabled: false, pageLoadStrategy: normal, platform: WINDOWS, platformName: WINDOWS, proxy: Proxy(), setWindowRect: true, strictFileInteractability: false, timeouts: {implicit: 0, pageLoad: 300000, script: 30000}, unhandledPromptBehavior: dismiss and notify, webauthn:virtualAuthenticators: true}
Session ID: c814315810d88431779dc5528a13e769]]>
            </message>
            <full-stacktrace>
              <![CDATA[org.openqa.selenium.ElementClickInterceptedException: element click intercepted: Element <button type="submit" class="btn btn-rounded btn-primary block" tabindex="0">...</button> is not clickable at point (803, 537). Other element would receive the click: <div _ngcontent-fle-c41="" class="overlay ng-tns-c41-0 ng-trigger ng-trigger-fadeIn ng-star-inserted" style="background-color: rgba(255, 255, 255, 0.8); z-index: 99999; position: absolute; opacity: 1;">...</div>
  (Session info: chrome=87.0.4280.141)
Build info: version: '3.141.59', revision: 'e82be7d358', time: '2018-11-14T08:17:03'
System info: host: 'DESKTOP-ELFRPEH', ip: '172.31.248.67', os.name: 'Windows 10', os.arch: 'amd64', os.version: '10.0', java.version: '1.8.0_271'
Driver info: org.openqa.selenium.chrome.ChromeDriver
Capabilities {acceptInsecureCerts: false, browserName: chrome, browserVersion: 87.0.4280.141, chrome: {chromedriverVersion: 87.0.4280.88 (89e2380a3e36c..., userDataDir: C:\Users\PERENN~1\AppData\L...}, goog:chromeOptions: {debuggerAddress: localhost:64766}, javascriptEnabled: true, networkConnectionEnabled: false, pageLoadStrategy: normal, platform: WINDOWS, platformName: WINDOWS, proxy: Proxy(), setWindowRect: true, strictFileInteractability: false, timeouts: {implicit: 0, pageLoad: 300000, script: 30000}, unhandledPromptBehavior: dismiss and notify, webauthn:virtualAuthenticators: true}
Session ID: c814315810d88431779dc5528a13e769
at sun.reflect.NativeConstructorAccessorImpl.newInstance0(Native Method)
at sun.reflect.NativeConstructorAccessorImpl.newInstance(Unknown Source)
at sun.reflect.DelegatingConstructorAccessorImpl.newInstance(Unknown Source)
at java.lang.reflect.Constructor.newInstance(Unknown Source)
at org.openqa.selenium.remote.http.W3CHttpResponseCodec.createException(W3CHttpResponseCodec.java:187)
at org.openqa.selenium.remote.http.W3CHttpResponseCodec.decode(W3CHttpResponseCodec.java:122)
at org.openqa.selenium.remote.http.W3CHttpResponseCodec.decode(W3CHttpResponseCodec.java:49)
at org.openqa.selenium.remote.HttpCommandExecutor.execute(HttpCommandExecutor.java:158)
at org.openqa.selenium.remote.service.DriverCommandExecutor.execute(DriverCommandExecutor.java:83)
at org.openqa.selenium.remote.RemoteWebDriver.execute(RemoteWebDriver.java:552)
at org.openqa.selenium.remote.RemoteWebElement.execute(RemoteWebElement.java:285)
at org.openqa.selenium.remote.RemoteWebElement.click(RemoteWebElement.java:84)
at sun.reflect.GeneratedMethodAccessor2.invoke(Unknown Source)
at sun.reflect.DelegatingMethodAccessorImpl.invoke(Unknown Source)
at java.lang.reflect.Method.invoke(Unknown Source)
at org.openqa.selenium.support.pagefactory.internal.LocatingElementHandler.invoke(LocatingElementHandler.java:51)
at com.sun.proxy.$Proxy10.click(Unknown Source)
at com.gac.qa.pages.ProfileSettingPage.clickOnChangePasswordBtn(ProfileSettingPage.java:29)
at com.gac.qa.testcases.ChangePasswordPageTest.setup(ChangePasswordPageTest.java:32)
at sun.reflect.NativeMethodAccessorImpl.invoke0(Native Method)
at sun.reflect.NativeMethodAccessorImpl.invoke(Unknown Source)
at sun.reflect.DelegatingMethodAccessorImpl.invoke(Unknown Source)
at java.lang.reflect.Method.invoke(Unknown Source)
at org.testng.internal.MethodInvocationHelper.invokeMethod(MethodInvocationHelper.java:132)
at org.testng.internal.MethodInvocationHelper.invokeMethodConsideringTimeout(MethodInvocationHelper.java:61)
at org.testng.internal.ConfigInvoker.invokeConfigurationMethod(ConfigInvoker.java:366)
at org.testng.internal.ConfigInvoker.invokeConfigurations(ConfigInvoker.java:320)
at org.testng.internal.TestInvoker.runConfigMethods(TestInvoker.java:701)
at org.testng.internal.TestInvoker.invokeMethod(TestInvoker.java:527)
at org.testng.internal.TestInvoker.invokeTestMethod(TestInvoker.java:174)
at org.testng.internal.MethodRunner.runInSequence(MethodRunner.java:46)
at org.testng.internal.TestInvoker$MethodInvocationAgent.invoke(TestInvoker.java:822)
at org.testng.internal.TestInvoker.invokeTestMethods(TestInvoker.java:147)
at org.testng.internal.TestMethodWorker.invokeTestMethods(TestMethodWorker.java:146)
at org.testng.internal.TestMethodWorker.run(TestMethodWorker.java:128)
at java.util.ArrayList.forEach(Unknown Source)
at org.testng.TestRunner.privateRun(TestRunner.java:764)
at org.testng.TestRunner.run(TestRunner.java:585)
at org.testng.SuiteRunner.runTest(SuiteRunner.java:384)
at org.testng.SuiteRunner.runSequentially(SuiteRunner.java:378)
at org.testng.SuiteRunner.privateRun(SuiteRunner.java:337)
at org.testng.SuiteRunner.run(SuiteRunner.java:286)
at org.testng.SuiteRunnerWorker.runSuite(SuiteRunnerWorker.java:53)
at org.testng.SuiteRunnerWorker.run(SuiteRunnerWorker.java:96)
at org.testng.TestNG.runSuitesSequentially(TestNG.java:1218)
at org.testng.TestNG.runSuitesLocally(TestNG.java:1140)
at org.testng.TestNG.runSuites(TestNG.java:1069)
at org.testng.TestNG.run(TestNG.java:1037)
at org.testng.remote.AbstractRemoteTestNG.run(AbstractRemoteTestNG.java:115)
at org.testng.remote.RemoteTestNG.initAndRun(RemoteTestNG.java:251)
at org.testng.remote.RemoteTestNG.main(RemoteTestNG.java:77)
]]>
            </full-stacktrace>
          </exception> <!-- org.openqa.selenium.ElementClickInterceptedException -->
          <reporter-output>
          </reporter-output>
        </test-method> <!-- verifyChangePasswordLabelTest -->
        <test-method status="SKIP" signature="tearDown()[pri:0, instance:com.gac.qa.testcases.ChangePasswordPageTest@80503]" name="tearDown" is-config="true" duration-ms="-1611118224000" started-at="2021-01-20T10:20:24 IST" finished-at="1970-01-01T05:30:00 IST">
          <reporter-output>
          </reporter-output>
        </test-method> <!-- tearDown -->
      </class> <!-- com.gac.qa.testcases.ChangePasswordPageTest -->
      <class name="com.gac.qa.testcases.EditCompanySettingsPageTest">
        <test-method status="PASS" signature="setup()[pri:0, instance:com.gac.qa.testcases.EditCompanySettingsPageTest@69a3d1d]" name="setup" is-config="true" duration-ms="17144" started-at="2021-01-20T10:20:37 IST" finished-at="2021-01-20T10:20:54 IST">
          <reporter-output>
          </reporter-output>
        </test-method> <!-- setup -->
        <test-method status="PASS" signature="verifyCompanySettingsLabelTest()[pri:0, instance:com.gac.qa.testcases.EditCompanySettingsPageTest@69a3d1d]" name="verifyCompanySettingsLabelTest" duration-ms="382" started-at="2021-01-20T10:20:54 IST" finished-at="2021-01-20T10:20:54 IST">
          <reporter-output>
          </reporter-output>
        </test-method> <!-- verifyCompanySettingsLabelTest -->
        <test-method status="PASS" signature="tearDown()[pri:0, instance:com.gac.qa.testcases.EditCompanySettingsPageTest@69a3d1d]" name="tearDown" is-config="true" duration-ms="873" started-at="2021-01-20T10:20:54 IST" finished-at="2021-01-20T10:20:55 IST">
          <reporter-output>
          </reporter-output>
        </test-method> <!-- tearDown -->
        <test-method status="PASS" signature="setup()[pri:0, instance:com.gac.qa.testcases.EditCompanySettingsPageTest@69a3d1d]" name="setup" is-config="true" duration-ms="16043" started-at="2021-01-20T10:20:55 IST" finished-at="2021-01-20T10:21:11 IST">
          <reporter-output>
          </reporter-output>
        </test-method> <!-- setup -->
        <test-method status="PASS" signature="enterCompanySettingsTest(java.lang.String, java.lang.String, java.lang.String, java.lang.String, java.lang.String, java.lang.String, java.lang.String, java.lang.String, java.lang.String)[pri:2, instance:com.gac.qa.testcases.EditCompanySettingsPageTest@69a3d1d]" name="enterCompanySettingsTest" duration-ms="2598" started-at="2021-01-20T10:21:11 IST" data-provider="getCompanySettingsData" finished-at="2021-01-20T10:21:14 IST">
          <params>
            <param index="0">
              <value>
                <![CDATA[B2 B2]]>
              </value>
            </param>
            <param index="1">
              <value>
                <![CDATA[JJ11 213]]>
              </value>
            </param>
            <param index="2">
              <value>
                <![CDATA[BKK00 012]]>
              </value>
            </param>
            <param index="3">
              <value>
                <![CDATA[Huaykwang Abc]]>
              </value>
            </param>
            <param index="4">
              <value>
                <![CDATA[10210 011]]>
              </value>
            </param>
            <param index="5">
              <value>
                <![CDATA[INR]]>
              </value>
            </param>
            <param index="6">
              <value>
                <![CDATA[12345 543]]>
              </value>
            </param>
            <param index="7">
              <value>
                <![CDATA[INDIA]]>
              </value>
            </param>
            <param index="8">
              <value>
                <![CDATA[Active]]>
              </value>
            </param>
          </params>
          <reporter-output>
          </reporter-output>
        </test-method> <!-- enterCompanySettingsTest -->
        <test-method status="PASS" signature="tearDown()[pri:0, instance:com.gac.qa.testcases.EditCompanySettingsPageTest@69a3d1d]" name="tearDown" is-config="true" duration-ms="759" started-at="2021-01-20T10:21:14 IST" finished-at="2021-01-20T10:21:15 IST">
          <reporter-output>
          </reporter-output>
        </test-method> <!-- tearDown -->
        <test-method status="PASS" signature="setup()[pri:0, instance:com.gac.qa.testcases.EditCompanySettingsPageTest@69a3d1d]" name="setup" is-config="true" duration-ms="15622" started-at="2021-01-20T10:21:15 IST" finished-at="2021-01-20T10:21:30 IST">
          <reporter-output>
          </reporter-output>
        </test-method> <!-- setup -->
        <test-method status="PASS" signature="enterCompanySettingsTest(java.lang.String, java.lang.String, java.lang.String, java.lang.String, java.lang.String, java.lang.String, java.lang.String, java.lang.String, java.lang.String)[pri:2, instance:com.gac.qa.testcases.EditCompanySettingsPageTest@69a3d1d]" name="enterCompanySettingsTest" duration-ms="1887" started-at="2021-01-20T10:21:30 IST" data-provider="getCompanySettingsData" finished-at="2021-01-20T10:21:32 IST">
          <params>
            <param index="0">
              <value>
                <![CDATA[B2 ]]>
              </value>
            </param>
            <param index="1">
              <value>
                <![CDATA[JJ11]]>
              </value>
            </param>
            <param index="2">
              <value>
                <![CDATA[BKK00]]>
              </value>
            </param>
            <param index="3">
              <value>
                <![CDATA[Huaykwang]]>
              </value>
            </param>
            <param index="4">
              <value>
                <![CDATA[10211]]>
              </value>
            </param>
            <param index="5">
              <value>
                <![CDATA[THB]]>
              </value>
            </param>
            <param index="6">
              <value>
                <![CDATA[12346]]>
              </value>
            </param>
            <param index="7">
              <value>
                <![CDATA[THAILAND]]>
              </value>
            </param>
            <param index="8">
              <value>
                <![CDATA[Active]]>
              </value>
            </param>
          </params>
          <reporter-output>
          </reporter-output>
        </test-method> <!-- enterCompanySettingsTest -->
        <test-method status="PASS" signature="tearDown()[pri:0, instance:com.gac.qa.testcases.EditCompanySettingsPageTest@69a3d1d]" name="tearDown" is-config="true" duration-ms="731" started-at="2021-01-20T10:21:32 IST" finished-at="2021-01-20T10:21:33 IST">
          <reporter-output>
          </reporter-output>
        </test-method> <!-- tearDown -->
      </class> <!-- com.gac.qa.testcases.EditCompanySettingsPageTest -->
      <class name="com.gac.qa.testcases.EditProfileSettingPageTest">
        <test-method status="FAIL" signature="setup()[pri:0, instance:com.gac.qa.testcases.EditProfileSettingPageTest@2f943d71]" name="setup" is-config="true" duration-ms="13699" started-at="2021-01-20T10:19:16 IST" finished-at="2021-01-20T10:19:30 IST">
          <exception class="org.openqa.selenium.ElementClickInterceptedException">
            <message>
              <![CDATA[element click intercepted: Element <button type="button" class="btn btn-rounded btn-outline-primary block">...</button> is not clickable at point (1089, 537). Other element would receive the click: <div _ngcontent-jln-c41="" class="overlay ng-tns-c41-0 ng-trigger ng-trigger-fadeIn ng-star-inserted" style="background-color: rgba(255, 255, 255, 0.8); z-index: 99999; position: absolute; opacity: 1;">...</div>
  (Session info: chrome=87.0.4280.141)
Build info: version: '3.141.59', revision: 'e82be7d358', time: '2018-11-14T08:17:03'
System info: host: 'DESKTOP-ELFRPEH', ip: '172.31.248.67', os.name: 'Windows 10', os.arch: 'amd64', os.version: '10.0', java.version: '1.8.0_271'
Driver info: org.openqa.selenium.chrome.ChromeDriver
Capabilities {acceptInsecureCerts: false, browserName: chrome, browserVersion: 87.0.4280.141, chrome: {chromedriverVersion: 87.0.4280.88 (89e2380a3e36c..., userDataDir: C:\Users\PERENN~1\AppData\L...}, goog:chromeOptions: {debuggerAddress: localhost:64689}, javascriptEnabled: true, networkConnectionEnabled: false, pageLoadStrategy: normal, platform: WINDOWS, platformName: WINDOWS, proxy: Proxy(), setWindowRect: true, strictFileInteractability: false, timeouts: {implicit: 0, pageLoad: 300000, script: 30000}, unhandledPromptBehavior: dismiss and notify, webauthn:virtualAuthenticators: true}
Session ID: faa80d43baf7a78eadf5f3ad52bd8976]]>
            </message>
            <full-stacktrace>
              <![CDATA[org.openqa.selenium.ElementClickInterceptedException: element click intercepted: Element <button type="button" class="btn btn-rounded btn-outline-primary block">...</button> is not clickable at point (1089, 537). Other element would receive the click: <div _ngcontent-jln-c41="" class="overlay ng-tns-c41-0 ng-trigger ng-trigger-fadeIn ng-star-inserted" style="background-color: rgba(255, 255, 255, 0.8); z-index: 99999; position: absolute; opacity: 1;">...</div>
  (Session info: chrome=87.0.4280.141)
Build info: version: '3.141.59', revision: 'e82be7d358', time: '2018-11-14T08:17:03'
System info: host: 'DESKTOP-ELFRPEH', ip: '172.31.248.67', os.name: 'Windows 10', os.arch: 'amd64', os.version: '10.0', java.version: '1.8.0_271'
Driver info: org.openqa.selenium.chrome.ChromeDriver
Capabilities {acceptInsecureCerts: false, browserName: chrome, browserVersion: 87.0.4280.141, chrome: {chromedriverVersion: 87.0.4280.88 (89e2380a3e36c..., userDataDir: C:\Users\PERENN~1\AppData\L...}, goog:chromeOptions: {debuggerAddress: localhost:64689}, javascriptEnabled: true, networkConnectionEnabled: false, pageLoadStrategy: normal, platform: WINDOWS, platformName: WINDOWS, proxy: Proxy(), setWindowRect: true, strictFileInteractability: false, timeouts: {implicit: 0, pageLoad: 300000, script: 30000}, unhandledPromptBehavior: dismiss and notify, webauthn:virtualAuthenticators: true}
Session ID: faa80d43baf7a78eadf5f3ad52bd8976
at sun.reflect.NativeConstructorAccessorImpl.newInstance0(Native Method)
at sun.reflect.NativeConstructorAccessorImpl.newInstance(Unknown Source)
at sun.reflect.DelegatingConstructorAccessorImpl.newInstance(Unknown Source)
at java.lang.reflect.Constructor.newInstance(Unknown Source)
at org.openqa.selenium.remote.http.W3CHttpResponseCodec.createException(W3CHttpResponseCodec.java:187)
at org.openqa.selenium.remote.http.W3CHttpResponseCodec.decode(W3CHttpResponseCodec.java:122)
at org.openqa.selenium.remote.http.W3CHttpResponseCodec.decode(W3CHttpResponseCodec.java:49)
at org.openqa.selenium.remote.HttpCommandExecutor.execute(HttpCommandExecutor.java:158)
at org.openqa.selenium.remote.service.DriverCommandExecutor.execute(DriverCommandExecutor.java:83)
at org.openqa.selenium.remote.RemoteWebDriver.execute(RemoteWebDriver.java:552)
at org.openqa.selenium.remote.RemoteWebElement.execute(RemoteWebElement.java:285)
at org.openqa.selenium.remote.RemoteWebElement.click(RemoteWebElement.java:84)
at sun.reflect.GeneratedMethodAccessor2.invoke(Unknown Source)
at sun.reflect.DelegatingMethodAccessorImpl.invoke(Unknown Source)
at java.lang.reflect.Method.invoke(Unknown Source)
at org.openqa.selenium.support.pagefactory.internal.LocatingElementHandler.invoke(LocatingElementHandler.java:51)
at com.sun.proxy.$Proxy10.click(Unknown Source)
at com.gac.qa.pages.ProfileSettingPage.clickOnEditBtn(ProfileSettingPage.java:34)
at com.gac.qa.testcases.EditProfileSettingPageTest.setup(EditProfileSettingPageTest.java:32)
at sun.reflect.NativeMethodAccessorImpl.invoke0(Native Method)
at sun.reflect.NativeMethodAccessorImpl.invoke(Unknown Source)
at sun.reflect.DelegatingMethodAccessorImpl.invoke(Unknown Source)
at java.lang.reflect.Method.invoke(Unknown Source)
at org.testng.internal.MethodInvocationHelper.invokeMethod(MethodInvocationHelper.java:132)
at org.testng.internal.MethodInvocationHelper.invokeMethodConsideringTimeout(MethodInvocationHelper.java:61)
at org.testng.internal.ConfigInvoker.invokeConfigurationMethod(ConfigInvoker.java:366)
at org.testng.internal.ConfigInvoker.invokeConfigurations(ConfigInvoker.java:320)
at org.testng.internal.TestInvoker.runConfigMethods(TestInvoker.java:701)
at org.testng.internal.TestInvoker.invokeMethod(TestInvoker.java:527)
at org.testng.internal.TestInvoker.invokeTestMethod(TestInvoker.java:174)
at org.testng.internal.MethodRunner.runInSequence(MethodRunner.java:46)
at org.testng.internal.TestInvoker$MethodInvocationAgent.invoke(TestInvoker.java:822)
at org.testng.internal.TestInvoker.invokeTestMethods(TestInvoker.java:147)
at org.testng.internal.TestMethodWorker.invokeTestMethods(TestMethodWorker.java:146)
at org.testng.internal.TestMethodWorker.run(TestMethodWorker.java:128)
at java.util.ArrayList.forEach(Unknown Source)
at org.testng.TestRunner.privateRun(TestRunner.java:764)
at org.testng.TestRunner.run(TestRunner.java:585)
at org.testng.SuiteRunner.runTest(SuiteRunner.java:384)
at org.testng.SuiteRunner.runSequentially(SuiteRunner.java:378)
at org.testng.SuiteRunner.privateRun(SuiteRunner.java:337)
at org.testng.SuiteRunner.run(SuiteRunner.java:286)
at org.testng.SuiteRunnerWorker.runSuite(SuiteRunnerWorker.java:53)
at org.testng.SuiteRunnerWorker.run(SuiteRunnerWorker.java:96)
at org.testng.TestNG.runSuitesSequentially(TestNG.java:1218)
at org.testng.TestNG.runSuitesLocally(TestNG.java:1140)
at org.testng.TestNG.runSuites(TestNG.java:1069)
at org.testng.TestNG.run(TestNG.java:1037)
at org.testng.remote.AbstractRemoteTestNG.run(AbstractRemoteTestNG.java:115)
at org.testng.remote.RemoteTestNG.initAndRun(RemoteTestNG.java:251)
at org.testng.remote.RemoteTestNG.main(RemoteTestNG.java:77)
]]>
            </full-stacktrace>
          </exception> <!-- org.openqa.selenium.ElementClickInterceptedException -->
          <reporter-output>
          </reporter-output>
        </test-method> <!-- setup -->
        <test-method status="SKIP" signature="veifyEditLabelTest()[pri:1, instance:com.gac.qa.testcases.EditProfileSettingPageTest@2f943d71]" name="veifyEditLabelTest" duration-ms="0" started-at="2021-01-20T10:19:30 IST" finished-at="2021-01-20T10:19:30 IST">
          <exception class="org.openqa.selenium.ElementClickInterceptedException">
            <message>
              <![CDATA[element click intercepted: Element <button type="button" class="btn btn-rounded btn-outline-primary block">...</button> is not clickable at point (1089, 537). Other element would receive the click: <div _ngcontent-jln-c41="" class="overlay ng-tns-c41-0 ng-trigger ng-trigger-fadeIn ng-star-inserted" style="background-color: rgba(255, 255, 255, 0.8); z-index: 99999; position: absolute; opacity: 1;">...</div>
  (Session info: chrome=87.0.4280.141)
Build info: version: '3.141.59', revision: 'e82be7d358', time: '2018-11-14T08:17:03'
System info: host: 'DESKTOP-ELFRPEH', ip: '172.31.248.67', os.name: 'Windows 10', os.arch: 'amd64', os.version: '10.0', java.version: '1.8.0_271'
Driver info: org.openqa.selenium.chrome.ChromeDriver
Capabilities {acceptInsecureCerts: false, browserName: chrome, browserVersion: 87.0.4280.141, chrome: {chromedriverVersion: 87.0.4280.88 (89e2380a3e36c..., userDataDir: C:\Users\PERENN~1\AppData\L...}, goog:chromeOptions: {debuggerAddress: localhost:64689}, javascriptEnabled: true, networkConnectionEnabled: false, pageLoadStrategy: normal, platform: WINDOWS, platformName: WINDOWS, proxy: Proxy(), setWindowRect: true, strictFileInteractability: false, timeouts: {implicit: 0, pageLoad: 300000, script: 30000}, unhandledPromptBehavior: dismiss and notify, webauthn:virtualAuthenticators: true}
Session ID: faa80d43baf7a78eadf5f3ad52bd8976]]>
            </message>
            <full-stacktrace>
              <![CDATA[org.openqa.selenium.ElementClickInterceptedException: element click intercepted: Element <button type="button" class="btn btn-rounded btn-outline-primary block">...</button> is not clickable at point (1089, 537). Other element would receive the click: <div _ngcontent-jln-c41="" class="overlay ng-tns-c41-0 ng-trigger ng-trigger-fadeIn ng-star-inserted" style="background-color: rgba(255, 255, 255, 0.8); z-index: 99999; position: absolute; opacity: 1;">...</div>
  (Session info: chrome=87.0.4280.141)
Build info: version: '3.141.59', revision: 'e82be7d358', time: '2018-11-14T08:17:03'
System info: host: 'DESKTOP-ELFRPEH', ip: '172.31.248.67', os.name: 'Windows 10', os.arch: 'amd64', os.version: '10.0', java.version: '1.8.0_271'
Driver info: org.openqa.selenium.chrome.ChromeDriver
Capabilities {acceptInsecureCerts: false, browserName: chrome, browserVersion: 87.0.4280.141, chrome: {chromedriverVersion: 87.0.4280.88 (89e2380a3e36c..., userDataDir: C:\Users\PERENN~1\AppData\L...}, goog:chromeOptions: {debuggerAddress: localhost:64689}, javascriptEnabled: true, networkConnectionEnabled: false, pageLoadStrategy: normal, platform: WINDOWS, platformName: WINDOWS, proxy: Proxy(), setWindowRect: true, strictFileInteractability: false, timeouts: {implicit: 0, pageLoad: 300000, script: 30000}, unhandledPromptBehavior: dismiss and notify, webauthn:virtualAuthenticators: true}
Session ID: faa80d43baf7a78eadf5f3ad52bd8976
at sun.reflect.NativeConstructorAccessorImpl.newInstance0(Native Method)
at sun.reflect.NativeConstructorAccessorImpl.newInstance(Unknown Source)
at sun.reflect.DelegatingConstructorAccessorImpl.newInstance(Unknown Source)
at java.lang.reflect.Constructor.newInstance(Unknown Source)
at org.openqa.selenium.remote.http.W3CHttpResponseCodec.createException(W3CHttpResponseCodec.java:187)
at org.openqa.selenium.remote.http.W3CHttpResponseCodec.decode(W3CHttpResponseCodec.java:122)
at org.openqa.selenium.remote.http.W3CHttpResponseCodec.decode(W3CHttpResponseCodec.java:49)
at org.openqa.selenium.remote.HttpCommandExecutor.execute(HttpCommandExecutor.java:158)
at org.openqa.selenium.remote.service.DriverCommandExecutor.execute(DriverCommandExecutor.java:83)
at org.openqa.selenium.remote.RemoteWebDriver.execute(RemoteWebDriver.java:552)
at org.openqa.selenium.remote.RemoteWebElement.execute(RemoteWebElement.java:285)
at org.openqa.selenium.remote.RemoteWebElement.click(RemoteWebElement.java:84)
at sun.reflect.GeneratedMethodAccessor2.invoke(Unknown Source)
at sun.reflect.DelegatingMethodAccessorImpl.invoke(Unknown Source)
at java.lang.reflect.Method.invoke(Unknown Source)
at org.openqa.selenium.support.pagefactory.internal.LocatingElementHandler.invoke(LocatingElementHandler.java:51)
at com.sun.proxy.$Proxy10.click(Unknown Source)
at com.gac.qa.pages.ProfileSettingPage.clickOnEditBtn(ProfileSettingPage.java:34)
at com.gac.qa.testcases.EditProfileSettingPageTest.setup(EditProfileSettingPageTest.java:32)
at sun.reflect.NativeMethodAccessorImpl.invoke0(Native Method)
at sun.reflect.NativeMethodAccessorImpl.invoke(Unknown Source)
at sun.reflect.DelegatingMethodAccessorImpl.invoke(Unknown Source)
at java.lang.reflect.Method.invoke(Unknown Source)
at org.testng.internal.MethodInvocationHelper.invokeMethod(MethodInvocationHelper.java:132)
at org.testng.internal.MethodInvocationHelper.invokeMethodConsideringTimeout(MethodInvocationHelper.java:61)
at org.testng.internal.ConfigInvoker.invokeConfigurationMethod(ConfigInvoker.java:366)
at org.testng.internal.ConfigInvoker.invokeConfigurations(ConfigInvoker.java:320)
at org.testng.internal.TestInvoker.runConfigMethods(TestInvoker.java:701)
at org.testng.internal.TestInvoker.invokeMethod(TestInvoker.java:527)
at org.testng.internal.TestInvoker.invokeTestMethod(TestInvoker.java:174)
at org.testng.internal.MethodRunner.runInSequence(MethodRunner.java:46)
at org.testng.internal.TestInvoker$MethodInvocationAgent.invoke(TestInvoker.java:822)
at org.testng.internal.TestInvoker.invokeTestMethods(TestInvoker.java:147)
at org.testng.internal.TestMethodWorker.invokeTestMethods(TestMethodWorker.java:146)
at org.testng.internal.TestMethodWorker.run(TestMethodWorker.java:128)
at java.util.ArrayList.forEach(Unknown Source)
at org.testng.TestRunner.privateRun(TestRunner.java:764)
at org.testng.TestRunner.run(TestRunner.java:585)
at org.testng.SuiteRunner.runTest(SuiteRunner.java:384)
at org.testng.SuiteRunner.runSequentially(SuiteRunner.java:378)
at org.testng.SuiteRunner.privateRun(SuiteRunner.java:337)
at org.testng.SuiteRunner.run(SuiteRunner.java:286)
at org.testng.SuiteRunnerWorker.runSuite(SuiteRunnerWorker.java:53)
at org.testng.SuiteRunnerWorker.run(SuiteRunnerWorker.java:96)
at org.testng.TestNG.runSuitesSequentially(TestNG.java:1218)
at org.testng.TestNG.runSuitesLocally(TestNG.java:1140)
at org.testng.TestNG.runSuites(TestNG.java:1069)
at org.testng.TestNG.run(TestNG.java:1037)
at org.testng.remote.AbstractRemoteTestNG.run(AbstractRemoteTestNG.java:115)
at org.testng.remote.RemoteTestNG.initAndRun(RemoteTestNG.java:251)
at org.testng.remote.RemoteTestNG.main(RemoteTestNG.java:77)
]]>
            </full-stacktrace>
          </exception> <!-- org.openqa.selenium.ElementClickInterceptedException -->
          <reporter-output>
          </reporter-output>
        </test-method> <!-- veifyEditLabelTest -->
        <test-method status="SKIP" signature="tearDown()[pri:0, instance:com.gac.qa.testcases.EditProfileSettingPageTest@2f943d71]" name="tearDown" is-config="true" duration-ms="-1611118170360" started-at="2021-01-20T10:19:30 IST" finished-at="1970-01-01T05:30:00 IST">
          <reporter-output>
          </reporter-output>
        </test-method> <!-- tearDown -->
        <test-method status="SKIP" signature="setup()[pri:0, instance:com.gac.qa.testcases.EditProfileSettingPageTest@2f943d71]" name="setup" is-config="true" duration-ms="-1611118171559" started-at="2021-01-20T10:19:31 IST" finished-at="1970-01-01T05:30:00 IST">
          <reporter-output>
          </reporter-output>
        </test-method> <!-- setup -->
        <test-method status="SKIP" signature="editProfileSettingTest(java.lang.String, java.lang.String, java.lang.String, java.lang.String, java.lang.String)[pri:2, instance:com.gac.qa.testcases.EditProfileSettingPageTest@2f943d71]" name="editProfileSettingTest" duration-ms="0" started-at="2021-01-20T10:19:31 IST" data-provider="getProfileSettingData" finished-at="2021-01-20T10:19:31 IST">
          <params>
            <param index="0">
              <value>
                <![CDATA[gaurav sup]]>
              </value>
            </param>
            <param index="1">
              <value>
                <![CDATA[QA]]>
              </value>
            </param>
            <param index="2">
              <value>
                <![CDATA[9.1965758E7]]>
              </value>
            </param>
            <param index="3">
              <value>
                <![CDATA[123456.0]]>
              </value>
            </param>
            <param index="4">
              <value>
                <![CDATA[GAC]]>
              </value>
            </param>
          </params>
          <exception class="org.openqa.selenium.ElementClickInterceptedException">
            <message>
              <![CDATA[element click intercepted: Element <button type="button" class="btn btn-rounded btn-outline-primary block">...</button> is not clickable at point (1089, 537). Other element would receive the click: <div _ngcontent-jln-c41="" class="overlay ng-tns-c41-0 ng-trigger ng-trigger-fadeIn ng-star-inserted" style="background-color: rgba(255, 255, 255, 0.8); z-index: 99999; position: absolute; opacity: 1;">...</div>
  (Session info: chrome=87.0.4280.141)
Build info: version: '3.141.59', revision: 'e82be7d358', time: '2018-11-14T08:17:03'
System info: host: 'DESKTOP-ELFRPEH', ip: '172.31.248.67', os.name: 'Windows 10', os.arch: 'amd64', os.version: '10.0', java.version: '1.8.0_271'
Driver info: org.openqa.selenium.chrome.ChromeDriver
Capabilities {acceptInsecureCerts: false, browserName: chrome, browserVersion: 87.0.4280.141, chrome: {chromedriverVersion: 87.0.4280.88 (89e2380a3e36c..., userDataDir: C:\Users\PERENN~1\AppData\L...}, goog:chromeOptions: {debuggerAddress: localhost:64689}, javascriptEnabled: true, networkConnectionEnabled: false, pageLoadStrategy: normal, platform: WINDOWS, platformName: WINDOWS, proxy: Proxy(), setWindowRect: true, strictFileInteractability: false, timeouts: {implicit: 0, pageLoad: 300000, script: 30000}, unhandledPromptBehavior: dismiss and notify, webauthn:virtualAuthenticators: true}
Session ID: faa80d43baf7a78eadf5f3ad52bd8976]]>
            </message>
            <full-stacktrace>
              <![CDATA[org.openqa.selenium.ElementClickInterceptedException: element click intercepted: Element <button type="button" class="btn btn-rounded btn-outline-primary block">...</button> is not clickable at point (1089, 537). Other element would receive the click: <div _ngcontent-jln-c41="" class="overlay ng-tns-c41-0 ng-trigger ng-trigger-fadeIn ng-star-inserted" style="background-color: rgba(255, 255, 255, 0.8); z-index: 99999; position: absolute; opacity: 1;">...</div>
  (Session info: chrome=87.0.4280.141)
Build info: version: '3.141.59', revision: 'e82be7d358', time: '2018-11-14T08:17:03'
System info: host: 'DESKTOP-ELFRPEH', ip: '172.31.248.67', os.name: 'Windows 10', os.arch: 'amd64', os.version: '10.0', java.version: '1.8.0_271'
Driver info: org.openqa.selenium.chrome.ChromeDriver
Capabilities {acceptInsecureCerts: false, browserName: chrome, browserVersion: 87.0.4280.141, chrome: {chromedriverVersion: 87.0.4280.88 (89e2380a3e36c..., userDataDir: C:\Users\PERENN~1\AppData\L...}, goog:chromeOptions: {debuggerAddress: localhost:64689}, javascriptEnabled: true, networkConnectionEnabled: false, pageLoadStrategy: normal, platform: WINDOWS, platformName: WINDOWS, proxy: Proxy(), setWindowRect: true, strictFileInteractability: false, timeouts: {implicit: 0, pageLoad: 300000, script: 30000}, unhandledPromptBehavior: dismiss and notify, webauthn:virtualAuthenticators: true}
Session ID: faa80d43baf7a78eadf5f3ad52bd8976
at sun.reflect.NativeConstructorAccessorImpl.newInstance0(Native Method)
at sun.reflect.NativeConstructorAccessorImpl.newInstance(Unknown Source)
at sun.reflect.DelegatingConstructorAccessorImpl.newInstance(Unknown Source)
at java.lang.reflect.Constructor.newInstance(Unknown Source)
at org.openqa.selenium.remote.http.W3CHttpResponseCodec.createException(W3CHttpResponseCodec.java:187)
at org.openqa.selenium.remote.http.W3CHttpResponseCodec.decode(W3CHttpResponseCodec.java:122)
at org.openqa.selenium.remote.http.W3CHttpResponseCodec.decode(W3CHttpResponseCodec.java:49)
at org.openqa.selenium.remote.HttpCommandExecutor.execute(HttpCommandExecutor.java:158)
at org.openqa.selenium.remote.service.DriverCommandExecutor.execute(DriverCommandExecutor.java:83)
at org.openqa.selenium.remote.RemoteWebDriver.execute(RemoteWebDriver.java:552)
at org.openqa.selenium.remote.RemoteWebElement.execute(RemoteWebElement.java:285)
at org.openqa.selenium.remote.RemoteWebElement.click(RemoteWebElement.java:84)
at sun.reflect.GeneratedMethodAccessor2.invoke(Unknown Source)
at sun.reflect.DelegatingMethodAccessorImpl.invoke(Unknown Source)
at java.lang.reflect.Method.invoke(Unknown Source)
at org.openqa.selenium.support.pagefactory.internal.LocatingElementHandler.invoke(LocatingElementHandler.java:51)
at com.sun.proxy.$Proxy10.click(Unknown Source)
at com.gac.qa.pages.ProfileSettingPage.clickOnEditBtn(ProfileSettingPage.java:34)
at com.gac.qa.testcases.EditProfileSettingPageTest.setup(EditProfileSettingPageTest.java:32)
at sun.reflect.NativeMethodAccessorImpl.invoke0(Native Method)
at sun.reflect.NativeMethodAccessorImpl.invoke(Unknown Source)
at sun.reflect.DelegatingMethodAccessorImpl.invoke(Unknown Source)
at java.lang.reflect.Method.invoke(Unknown Source)
at org.testng.internal.MethodInvocationHelper.invokeMethod(MethodInvocationHelper.java:132)
at org.testng.internal.MethodInvocationHelper.invokeMethodConsideringTimeout(MethodInvocationHelper.java:61)
at org.testng.internal.ConfigInvoker.invokeConfigurationMethod(ConfigInvoker.java:366)
at org.testng.internal.ConfigInvoker.invokeConfigurations(ConfigInvoker.java:320)
at org.testng.internal.TestInvoker.runConfigMethods(TestInvoker.java:701)
at org.testng.internal.TestInvoker.invokeMethod(TestInvoker.java:527)
at org.testng.internal.TestInvoker.invokeTestMethod(TestInvoker.java:174)
at org.testng.internal.MethodRunner.runInSequence(MethodRunner.java:46)
at org.testng.internal.TestInvoker$MethodInvocationAgent.invoke(TestInvoker.java:822)
at org.testng.internal.TestInvoker.invokeTestMethods(TestInvoker.java:147)
at org.testng.internal.TestMethodWorker.invokeTestMethods(TestMethodWorker.java:146)
at org.testng.internal.TestMethodWorker.run(TestMethodWorker.java:128)
at java.util.ArrayList.forEach(Unknown Source)
at org.testng.TestRunner.privateRun(TestRunner.java:764)
at org.testng.TestRunner.run(TestRunner.java:585)
at org.testng.SuiteRunner.runTest(SuiteRunner.java:384)
at org.testng.SuiteRunner.runSequentially(SuiteRunner.java:378)
at org.testng.SuiteRunner.privateRun(SuiteRunner.java:337)
at org.testng.SuiteRunner.run(SuiteRunner.java:286)
at org.testng.SuiteRunnerWorker.runSuite(SuiteRunnerWorker.java:53)
at org.testng.SuiteRunnerWorker.run(SuiteRunnerWorker.java:96)
at org.testng.TestNG.runSuitesSequentially(TestNG.java:1218)
at org.testng.TestNG.runSuitesLocally(TestNG.java:1140)
at org.testng.TestNG.runSuites(TestNG.java:1069)
at org.testng.TestNG.run(TestNG.java:1037)
at org.testng.remote.AbstractRemoteTestNG.run(AbstractRemoteTestNG.java:115)
at org.testng.remote.RemoteTestNG.initAndRun(RemoteTestNG.java:251)
at org.testng.remote.RemoteTestNG.main(RemoteTestNG.java:77)
]]>
            </full-stacktrace>
          </exception> <!-- org.openqa.selenium.ElementClickInterceptedException -->
          <reporter-output>
          </reporter-output>
        </test-method> <!-- editProfileSettingTest -->
        <test-method status="SKIP" signature="tearDown()[pri:0, instance:com.gac.qa.testcases.EditProfileSettingPageTest@2f943d71]" name="tearDown" is-config="true" duration-ms="-1611118171582" started-at="2021-01-20T10:19:31 IST" finished-at="1970-01-01T05:30:00 IST">
          <reporter-output>
          </reporter-output>
        </test-method> <!-- tearDown -->
        <test-method status="SKIP" signature="setup()[pri:0, instance:com.gac.qa.testcases.EditProfileSettingPageTest@2f943d71]" name="setup" is-config="true" duration-ms="-1611118171587" started-at="2021-01-20T10:19:31 IST" finished-at="1970-01-01T05:30:00 IST">
          <reporter-output>
          </reporter-output>
        </test-method> <!-- setup -->
        <test-method status="SKIP" signature="editProfileSettingTest(java.lang.String, java.lang.String, java.lang.String, java.lang.String, java.lang.String)[pri:2, instance:com.gac.qa.testcases.EditProfileSettingPageTest@2f943d71]" name="editProfileSettingTest" duration-ms="0" started-at="2021-01-20T10:19:31 IST" data-provider="getProfileSettingData" finished-at="2021-01-20T10:19:31 IST">
          <params>
            <param index="0">
              <value>
                <![CDATA[gaurav ]]>
              </value>
            </param>
            <param index="1">
              <value>
                <![CDATA[sup]]>
              </value>
            </param>
            <param index="2">
              <value>
                <![CDATA[9.657583258E9]]>
              </value>
            </param>
            <param index="3">
              <value>
                <![CDATA[12345.0]]>
              </value>
            </param>
            <param index="4">
              <value>
                <![CDATA[QA]]>
              </value>
            </param>
          </params>
          <exception class="org.openqa.selenium.ElementClickInterceptedException">
            <message>
              <![CDATA[element click intercepted: Element <button type="button" class="btn btn-rounded btn-outline-primary block">...</button> is not clickable at point (1089, 537). Other element would receive the click: <div _ngcontent-jln-c41="" class="overlay ng-tns-c41-0 ng-trigger ng-trigger-fadeIn ng-star-inserted" style="background-color: rgba(255, 255, 255, 0.8); z-index: 99999; position: absolute; opacity: 1;">...</div>
  (Session info: chrome=87.0.4280.141)
Build info: version: '3.141.59', revision: 'e82be7d358', time: '2018-11-14T08:17:03'
System info: host: 'DESKTOP-ELFRPEH', ip: '172.31.248.67', os.name: 'Windows 10', os.arch: 'amd64', os.version: '10.0', java.version: '1.8.0_271'
Driver info: org.openqa.selenium.chrome.ChromeDriver
Capabilities {acceptInsecureCerts: false, browserName: chrome, browserVersion: 87.0.4280.141, chrome: {chromedriverVersion: 87.0.4280.88 (89e2380a3e36c..., userDataDir: C:\Users\PERENN~1\AppData\L...}, goog:chromeOptions: {debuggerAddress: localhost:64689}, javascriptEnabled: true, networkConnectionEnabled: false, pageLoadStrategy: normal, platform: WINDOWS, platformName: WINDOWS, proxy: Proxy(), setWindowRect: true, strictFileInteractability: false, timeouts: {implicit: 0, pageLoad: 300000, script: 30000}, unhandledPromptBehavior: dismiss and notify, webauthn:virtualAuthenticators: true}
Session ID: faa80d43baf7a78eadf5f3ad52bd8976]]>
            </message>
            <full-stacktrace>
              <![CDATA[org.openqa.selenium.ElementClickInterceptedException: element click intercepted: Element <button type="button" class="btn btn-rounded btn-outline-primary block">...</button> is not clickable at point (1089, 537). Other element would receive the click: <div _ngcontent-jln-c41="" class="overlay ng-tns-c41-0 ng-trigger ng-trigger-fadeIn ng-star-inserted" style="background-color: rgba(255, 255, 255, 0.8); z-index: 99999; position: absolute; opacity: 1;">...</div>
  (Session info: chrome=87.0.4280.141)
Build info: version: '3.141.59', revision: 'e82be7d358', time: '2018-11-14T08:17:03'
System info: host: 'DESKTOP-ELFRPEH', ip: '172.31.248.67', os.name: 'Windows 10', os.arch: 'amd64', os.version: '10.0', java.version: '1.8.0_271'
Driver info: org.openqa.selenium.chrome.ChromeDriver
Capabilities {acceptInsecureCerts: false, browserName: chrome, browserVersion: 87.0.4280.141, chrome: {chromedriverVersion: 87.0.4280.88 (89e2380a3e36c..., userDataDir: C:\Users\PERENN~1\AppData\L...}, goog:chromeOptions: {debuggerAddress: localhost:64689}, javascriptEnabled: true, networkConnectionEnabled: false, pageLoadStrategy: normal, platform: WINDOWS, platformName: WINDOWS, proxy: Proxy(), setWindowRect: true, strictFileInteractability: false, timeouts: {implicit: 0, pageLoad: 300000, script: 30000}, unhandledPromptBehavior: dismiss and notify, webauthn:virtualAuthenticators: true}
Session ID: faa80d43baf7a78eadf5f3ad52bd8976
at sun.reflect.NativeConstructorAccessorImpl.newInstance0(Native Method)
at sun.reflect.NativeConstructorAccessorImpl.newInstance(Unknown Source)
at sun.reflect.DelegatingConstructorAccessorImpl.newInstance(Unknown Source)
at java.lang.reflect.Constructor.newInstance(Unknown Source)
at org.openqa.selenium.remote.http.W3CHttpResponseCodec.createException(W3CHttpResponseCodec.java:187)
at org.openqa.selenium.remote.http.W3CHttpResponseCodec.decode(W3CHttpResponseCodec.java:122)
at org.openqa.selenium.remote.http.W3CHttpResponseCodec.decode(W3CHttpResponseCodec.java:49)
at org.openqa.selenium.remote.HttpCommandExecutor.execute(HttpCommandExecutor.java:158)
at org.openqa.selenium.remote.service.DriverCommandExecutor.execute(DriverCommandExecutor.java:83)
at org.openqa.selenium.remote.RemoteWebDriver.execute(RemoteWebDriver.java:552)
at org.openqa.selenium.remote.RemoteWebElement.execute(RemoteWebElement.java:285)
at org.openqa.selenium.remote.RemoteWebElement.click(RemoteWebElement.java:84)
at sun.reflect.GeneratedMethodAccessor2.invoke(Unknown Source)
at sun.reflect.DelegatingMethodAccessorImpl.invoke(Unknown Source)
at java.lang.reflect.Method.invoke(Unknown Source)
at org.openqa.selenium.support.pagefactory.internal.LocatingElementHandler.invoke(LocatingElementHandler.java:51)
at com.sun.proxy.$Proxy10.click(Unknown Source)
at com.gac.qa.pages.ProfileSettingPage.clickOnEditBtn(ProfileSettingPage.java:34)
at com.gac.qa.testcases.EditProfileSettingPageTest.setup(EditProfileSettingPageTest.java:32)
at sun.reflect.NativeMethodAccessorImpl.invoke0(Native Method)
at sun.reflect.NativeMethodAccessorImpl.invoke(Unknown Source)
at sun.reflect.DelegatingMethodAccessorImpl.invoke(Unknown Source)
at java.lang.reflect.Method.invoke(Unknown Source)
at org.testng.internal.MethodInvocationHelper.invokeMethod(MethodInvocationHelper.java:132)
at org.testng.internal.MethodInvocationHelper.invokeMethodConsideringTimeout(MethodInvocationHelper.java:61)
at org.testng.internal.ConfigInvoker.invokeConfigurationMethod(ConfigInvoker.java:366)
at org.testng.internal.ConfigInvoker.invokeConfigurations(ConfigInvoker.java:320)
at org.testng.internal.TestInvoker.runConfigMethods(TestInvoker.java:701)
at org.testng.internal.TestInvoker.invokeMethod(TestInvoker.java:527)
at org.testng.internal.TestInvoker.invokeTestMethod(TestInvoker.java:174)
at org.testng.internal.MethodRunner.runInSequence(MethodRunner.java:46)
at org.testng.internal.TestInvoker$MethodInvocationAgent.invoke(TestInvoker.java:822)
at org.testng.internal.TestInvoker.invokeTestMethods(TestInvoker.java:147)
at org.testng.internal.TestMethodWorker.invokeTestMethods(TestMethodWorker.java:146)
at org.testng.internal.TestMethodWorker.run(TestMethodWorker.java:128)
at java.util.ArrayList.forEach(Unknown Source)
at org.testng.TestRunner.privateRun(TestRunner.java:764)
at org.testng.TestRunner.run(TestRunner.java:585)
at org.testng.SuiteRunner.runTest(SuiteRunner.java:384)
at org.testng.SuiteRunner.runSequentially(SuiteRunner.java:378)
at org.testng.SuiteRunner.privateRun(SuiteRunner.java:337)
at org.testng.SuiteRunner.run(SuiteRunner.java:286)
at org.testng.SuiteRunnerWorker.runSuite(SuiteRunnerWorker.java:53)
at org.testng.SuiteRunnerWorker.run(SuiteRunnerWorker.java:96)
at org.testng.TestNG.runSuitesSequentially(TestNG.java:1218)
at org.testng.TestNG.runSuitesLocally(TestNG.java:1140)
at org.testng.TestNG.runSuites(TestNG.java:1069)
at org.testng.TestNG.run(TestNG.java:1037)
at org.testng.remote.AbstractRemoteTestNG.run(AbstractRemoteTestNG.java:115)
at org.testng.remote.RemoteTestNG.initAndRun(RemoteTestNG.java:251)
at org.testng.remote.RemoteTestNG.main(RemoteTestNG.java:77)
]]>
            </full-stacktrace>
          </exception> <!-- org.openqa.selenium.ElementClickInterceptedException -->
          <reporter-output>
          </reporter-output>
        </test-method> <!-- editProfileSettingTest -->
        <test-method status="SKIP" signature="tearDown()[pri:0, instance:com.gac.qa.testcases.EditProfileSettingPageTest@2f943d71]" name="tearDown" is-config="true" duration-ms="-1611118171599" started-at="2021-01-20T10:19:31 IST" finished-at="1970-01-01T05:30:00 IST">
          <reporter-output>
          </reporter-output>
        </test-method> <!-- tearDown -->
      </class> <!-- com.gac.qa.testcases.EditProfileSettingPageTest -->
      <class name="com.gac.qa.testcases.ProfileSettingPageTest">
        <test-method status="PASS" signature="setup()[pri:0, instance:com.gac.qa.testcases.ProfileSettingPageTest@bd8db5a]" name="setup" is-config="true" duration-ms="16667" started-at="2021-01-20T10:18:24 IST" finished-at="2021-01-20T10:18:41 IST">
          <reporter-output>
          </reporter-output>
        </test-method> <!-- setup -->
        <test-method status="PASS" signature="verifyProfileSettingLabelTest()[pri:1, instance:com.gac.qa.testcases.ProfileSettingPageTest@bd8db5a]" name="verifyProfileSettingLabelTest" duration-ms="49" started-at="2021-01-20T10:18:41 IST" finished-at="2021-01-20T10:18:41 IST">
          <reporter-output>
          </reporter-output>
        </test-method> <!-- verifyProfileSettingLabelTest -->
        <test-method status="PASS" signature="tearDown()[pri:0, instance:com.gac.qa.testcases.ProfileSettingPageTest@bd8db5a]" name="tearDown" is-config="true" duration-ms="643" started-at="2021-01-20T10:18:41 IST" finished-at="2021-01-20T10:18:42 IST">
          <reporter-output>
          </reporter-output>
        </test-method> <!-- tearDown -->
        <test-method status="PASS" signature="setup()[pri:0, instance:com.gac.qa.testcases.ProfileSettingPageTest@bd8db5a]" name="setup" is-config="true" duration-ms="15056" started-at="2021-01-20T10:18:42 IST" finished-at="2021-01-20T10:18:57 IST">
          <reporter-output>
          </reporter-output>
        </test-method> <!-- setup -->
        <test-method status="PASS" signature="clickOnChangePasswordBtnTest()[pri:2, instance:com.gac.qa.testcases.ProfileSettingPageTest@bd8db5a]" name="clickOnChangePasswordBtnTest" duration-ms="549" started-at="2021-01-20T10:18:57 IST" finished-at="2021-01-20T10:18:57 IST">
          <reporter-output>
          </reporter-output>
        </test-method> <!-- clickOnChangePasswordBtnTest -->
        <test-method status="PASS" signature="tearDown()[pri:0, instance:com.gac.qa.testcases.ProfileSettingPageTest@bd8db5a]" name="tearDown" is-config="true" duration-ms="693" started-at="2021-01-20T10:18:57 IST" finished-at="2021-01-20T10:18:58 IST">
          <reporter-output>
          </reporter-output>
        </test-method> <!-- tearDown -->
        <test-method status="PASS" signature="setup()[pri:0, instance:com.gac.qa.testcases.ProfileSettingPageTest@bd8db5a]" name="setup" is-config="true" duration-ms="15895" started-at="2021-01-20T10:18:58 IST" finished-at="2021-01-20T10:19:14 IST">
          <reporter-output>
          </reporter-output>
        </test-method> <!-- setup -->
        <test-method status="PASS" signature="clickOnEditBtnTest()[pri:3, instance:com.gac.qa.testcases.ProfileSettingPageTest@bd8db5a]" name="clickOnEditBtnTest" duration-ms="1229" started-at="2021-01-20T10:19:14 IST" finished-at="2021-01-20T10:19:15 IST">
          <reporter-output>
          </reporter-output>
        </test-method> <!-- clickOnEditBtnTest -->
        <test-method status="PASS" signature="tearDown()[pri:0, instance:com.gac.qa.testcases.ProfileSettingPageTest@bd8db5a]" name="tearDown" is-config="true" duration-ms="1181" started-at="2021-01-20T10:19:15 IST" finished-at="2021-01-20T10:19:16 IST">
          <reporter-output>
          </reporter-output>
        </test-method> <!-- tearDown -->
      </class> <!-- com.gac.qa.testcases.ProfileSettingPageTest -->
      <class name="com.gac.qa.testcases.LoginPageTest">
        <test-method status="PASS" signature="setup()[pri:0, instance:com.gac.qa.testcases.LoginPageTest@78e67e0a]" name="setup" is-config="true" duration-ms="13523" started-at="2021-01-20T10:17:40 IST" finished-at="2021-01-20T10:17:53 IST">
          <reporter-output>
          </reporter-output>
        </test-method> <!-- setup -->
        <test-method status="PASS" signature="loginPageTitleTest()[pri:1, instance:com.gac.qa.testcases.LoginPageTest@78e67e0a]" name="loginPageTitleTest" duration-ms="7" started-at="2021-01-20T10:17:53 IST" finished-at="2021-01-20T10:17:53 IST">
          <reporter-output>
          </reporter-output>
        </test-method> <!-- loginPageTitleTest -->
        <test-method status="PASS" signature="tearDown()[pri:0, instance:com.gac.qa.testcases.LoginPageTest@78e67e0a]" name="tearDown" is-config="true" duration-ms="638" started-at="2021-01-20T10:17:53 IST" finished-at="2021-01-20T10:17:54 IST">
          <reporter-output>
          </reporter-output>
        </test-method> <!-- tearDown -->
        <test-method status="PASS" signature="setup()[pri:0, instance:com.gac.qa.testcases.LoginPageTest@78e67e0a]" name="setup" is-config="true" duration-ms="14344" started-at="2021-01-20T10:17:54 IST" finished-at="2021-01-20T10:18:08 IST">
          <reporter-output>
          </reporter-output>
        </test-method> <!-- setup -->
        <test-method status="PASS" signature="validateLogo2c2pTest()[pri:2, instance:com.gac.qa.testcases.LoginPageTest@78e67e0a]" name="validateLogo2c2pTest" duration-ms="55" started-at="2021-01-20T10:18:08 IST" finished-at="2021-01-20T10:18:08 IST">
          <reporter-output>
          </reporter-output>
        </test-method> <!-- validateLogo2c2pTest -->
        <test-method status="PASS" signature="tearDown()[pri:0, instance:com.gac.qa.testcases.LoginPageTest@78e67e0a]" name="tearDown" is-config="true" duration-ms="643" started-at="2021-01-20T10:18:08 IST" finished-at="2021-01-20T10:18:09 IST">
          <reporter-output>
          </reporter-output>
        </test-method> <!-- tearDown -->
        <test-method status="PASS" signature="setup()[pri:0, instance:com.gac.qa.testcases.LoginPageTest@78e67e0a]" name="setup" is-config="true" duration-ms="13775" started-at="2021-01-20T10:18:09 IST" finished-at="2021-01-20T10:18:23 IST">
          <reporter-output>
          </reporter-output>
        </test-method> <!-- setup -->
        <test-method status="PASS" signature="loginTest()[pri:3, instance:com.gac.qa.testcases.LoginPageTest@78e67e0a]" name="loginTest" duration-ms="744" started-at="2021-01-20T10:18:23 IST" finished-at="2021-01-20T10:18:23 IST">
          <reporter-output>
          </reporter-output>
        </test-method> <!-- loginTest -->
        <test-method status="PASS" signature="tearDown()[pri:0, instance:com.gac.qa.testcases.LoginPageTest@78e67e0a]" name="tearDown" is-config="true" duration-ms="731" started-at="2021-01-20T10:18:23 IST" finished-at="2021-01-20T10:18:24 IST">
          <reporter-output>
          </reporter-output>
        </test-method> <!-- tearDown -->
      </class> <!-- com.gac.qa.testcases.LoginPageTest -->
    </test> <!-- GAC Company Portal Test Cases -->
  </suite> <!-- GAC Company Portal Test Automation Suite -->
</testng-results>
